14:07:34.191 [main] INFO  - Goto my account-->Click on Login.. 
14:07:34.883 [main] INFO  - Entering email and password.. 
14:07:35.559 [main] INFO  - clicked on login button...
15:21:51.876 [main] INFO  - Goto my account-->Click on Login.. 
15:21:53.135 [main] INFO  - Entering email and password.. 
15:21:54.620 [main] INFO  - clicked on login button...
15:32:55.009 [main] INFO  - Goto my account-->Click on Login.. 
15:32:55.760 [main] INFO  - Entering email and password.. 
15:32:56.517 [main] INFO  - clicked on login button...
15:44:58.490 [main] INFO  - Goto my account-->Click on Login.. 
15:44:59.375 [main] INFO  - Entering email and password.. 
15:45:00.720 [main] INFO  - clicked on login button...
11:24:02.941 [pool-3-thread-1] INFO  - Goto my account-->Click on Login.. 
11:24:03.761 [pool-3-thread-1] INFO  - Entering email and password.. 
11:24:06.101 [pool-3-thread-1] INFO  - clicked on login button...
11:25:07.956 [main] INFO  - Goto my account-->Click on Login.. 
11:25:08.604 [main] INFO  - Entering email and password.. 
11:25:09.732 [main] INFO  - clicked on login button...
11:27:34.728 [main] INFO  - Goto my account-->Click on Login.. 
11:27:35.361 [main] INFO  - Entering email and password.. 
11:27:36.283 [main] INFO  - clicked on login button...
11:28:39.062 [pool-3-thread-1] INFO  - Goto my account-->Click on Login.. 
11:28:39.709 [pool-3-thread-1] INFO  - Entering email and password.. 
11:28:41.527 [pool-3-thread-1] INFO  - clicked on login button...
11:30:58.762 [main] INFO  - Goto my account-->Click on Login.. 
11:30:59.506 [main] INFO  - Entering email and password.. 
11:31:00.817 [main] INFO  - clicked on login button...
11:32:42.541 [main] INFO  - Goto my account-->Click on Login.. 
11:32:46.118 [main] INFO  - Entering email and password.. 
11:32:47.244 [main] INFO  - clicked on login button...
11:34:08.134 [main] INFO  - Goto my account-->Click on Login.. 
11:34:08.801 [main] INFO  - Entering email and password.. 
11:34:10.471 [main] INFO  - clicked on login button...
11:45:34.561 [main] INFO  - Goto my account-->Click on Login.. 
11:45:35.241 [main] INFO  - Entering email and password.. 
11:45:36.544 [main] INFO  - clicked on login button...
11:48:32.063 [main] INFO  - Goto my account-->Click on Login.. 
11:48:32.749 [main] INFO  - Entering email and password.. 
11:48:34.206 [main] INFO  - clicked on login button...
12:19:09.362 [main] INFO  - Goto my account-->Click on Login.. 
12:19:10.371 [main] INFO  - Entering email and password.. 
12:19:11.738 [main] INFO  - clicked on login button...
12:24:14.670 [main] INFO  - Goto my account-->Click on Login.. 
12:24:15.551 [main] INFO  - Entering email and password.. 
12:24:16.857 [main] INFO  - clicked on login button...
12:25:59.705 [main] INFO  - Goto my account-->Click on Login.. 
12:26:00.443 [main] INFO  - Entering email and password.. 
12:26:01.724 [main] INFO  - clicked on login button...
12:40:21.946 [main] INFO  - Goto my account-->Click on Login.. 
12:40:22.616 [main] INFO  - Entering email and password.. 
12:40:24.212 [main] INFO  - clicked on login button...
12:48:13.135 [main] INFO  - Goto my account-->Click on Login.. 
12:48:14.187 [main] INFO  - Entering email and password.. 
12:48:15.338 [main] INFO  - clicked on login button...
07:20:02.541 [main] INFO  - Goto my account-->Click on Login.. 
07:20:03.687 [main] INFO  - Entering email and password.. 
07:20:04.885 [main] INFO  - clicked on login button...
07:26:07.255 [main] INFO  - Goto my account-->Click on Login.. 
07:26:08.073 [main] INFO  - Entering email and password.. 
07:26:08.937 [main] INFO  - clicked on login button...
07:27:45.855 [main] INFO  - Goto my account-->Click on Login.. 
07:27:46.685 [main] INFO  - Entering email and password.. 
07:27:47.506 [main] INFO  - clicked on login button...
07:42:18.774 [main] INFO  - Goto my account-->Click on Login.. 
07:42:19.621 [main] INFO  - Entering email and password.. 
07:42:20.495 [main] INFO  - clicked on login button...
07:44:30.850 [main] INFO  - Goto my account-->Click on Login.. 
07:44:31.695 [main] INFO  - Entering email and password.. 
07:44:32.578 [main] INFO  - clicked on login button...
07:46:04.249 [main] INFO  - Goto my account-->Click on Login.. 
07:46:05.043 [main] INFO  - Entering email and password.. 
07:46:05.916 [main] INFO  - clicked on login button...
07:52:55.919 [main] INFO  - Goto my account-->Click on Login.. 
07:52:56.718 [main] INFO  - Entering email and password.. 
07:52:57.593 [main] INFO  - clicked on login button...
13:26:59.211 [main] INFO  - Goto my account-->Click on Login.. 
13:26:59.881 [main] INFO  - Entering email and password.. 
13:27:00.180 [main] INFO  - clicked on login button...
13:27:10.085 [main] INFO  - Goto my account-->Click on Login.. 
13:27:10.770 [main] INFO  - Entering email and password.. 
13:27:12.229 [main] INFO  - clicked on login button...
13:27:16.112 [main] INFO  - Goto my account-->Click on Login.. 
13:27:16.796 [main] INFO  - Entering email and password.. 
13:27:17.084 [main] INFO  - clicked on login button...
14:14:18.219 [main] INFO  - Goto my account-->Click on Login.. 
14:14:18.899 [main] INFO  - Entering email and password.. 
14:14:19.998 [main] INFO  - clicked on login button...
14:14:24.232 [main] INFO  - Goto my account-->Click on Login.. 
14:14:24.869 [main] INFO  - Entering email and password.. 
14:14:26.372 [main] INFO  - clicked on login button...
14:15:49.166 [main] INFO  - Goto my account-->Click on Login.. 
14:15:49.798 [main] INFO  - Entering email and password.. 
14:15:51.114 [main] INFO  - clicked on login button...
14:35:23.431 [main] INFO  - Goto my account-->Click on Login.. 
14:35:24.006 [main] INFO  - Entering email and password.. 
14:35:24.268 [main] INFO  - clicked on login button...
14:48:56.293 [main] INFO  - Goto my account-->Click on Login.. 
14:48:57.120 [main] INFO  - Entering email and password.. 
14:48:57.380 [main] INFO  - clicked on login button...
14:54:03.288 [main] INFO  - Goto my account-->Click on Login.. 
14:54:03.835 [main] INFO  - Entering email and password.. 
14:54:04.097 [main] INFO  - clicked on login button...
14:55:15.302 [main] INFO  - Goto my account-->Click on Login.. 
14:55:15.870 [main] INFO  - Entering email and password.. 
14:55:17.196 [main] INFO  - clicked on login button...
14:58:11.302 [main] INFO  - Goto my account-->Click on Login.. 
14:58:11.860 [main] INFO  - Entering email and password.. 
14:58:13.144 [main] INFO  - clicked on login button...
15:10:38.997 [main] INFO  - Goto my account-->Click on Login.. 
15:10:39.642 [main] INFO  - Entering email and password.. 
15:10:39.978 [main] INFO  - clicked on login button...
15:33:26.023 [main] INFO  - Goto my account-->Click on Login.. 
15:33:41.268 [main] INFO  - Goto my account-->Click on Login.. 
15:34:03.856 [main] INFO  - Goto my account-->Click on Login.. 
15:34:04.405 [main] INFO  - Entering email and password.. 
15:34:04.695 [main] INFO  - clicked on login button...
15:52:26.514 [main] INFO  - Goto my account-->Click on Login.. 
15:52:27.082 [main] INFO  - Entering email and password.. 
15:52:27.426 [main] INFO  - clicked on login button...
15:59:34.690 [main] INFO  - Goto my account-->Click on Login.. 
15:59:35.303 [main] INFO  - Entering email and password.. 
15:59:36.637 [main] INFO  - clicked on login button...
15:59:41.062 [main] INFO  - Goto my account-->Click on Login.. 
15:59:41.686 [main] INFO  - Entering email and password.. 
15:59:41.986 [main] INFO  - clicked on login button...
16:01:02.967 [main] INFO  - Goto my account-->Click on Login.. 
16:01:03.557 [main] INFO  - Entering email and password.. 
16:01:03.824 [main] INFO  - clicked on login button...
16:01:09.150 [main] INFO  - Goto my account-->Click on Login.. 
16:01:09.856 [main] INFO  - Entering email and password.. 
16:01:10.131 [main] INFO  - clicked on login button...
16:01:15.396 [main] INFO  - Goto my account-->Click on Login.. 
16:01:16.000 [main] INFO  - Entering email and password.. 
16:01:16.246 [main] INFO  - clicked on login button...
16:03:01.621 [main] INFO  - Goto my account-->Click on Login.. 
16:03:02.283 [main] INFO  - Entering email and password.. 
16:03:02.850 [main] INFO  - clicked on login button...
16:03:06.853 [main] INFO  - Goto my account-->Click on Login.. 
16:03:07.488 [main] INFO  - Entering email and password.. 
16:03:07.747 [main] INFO  - clicked on login button...
16:03:26.172 [main] INFO  - Goto my account-->Click on Login.. 
16:03:26.837 [main] INFO  - Entering email and password.. 
16:03:27.069 [main] INFO  - clicked on login button...
16:04:05.871 [main] INFO  - Goto my account-->Click on Login.. 
16:04:06.497 [main] INFO  - Entering email and password.. 
16:04:06.769 [main] INFO  - clicked on login button...
16:04:12.722 [main] INFO  - Goto my account-->Click on Login.. 
16:04:13.339 [main] INFO  - Entering email and password.. 
16:04:13.655 [main] INFO  - clicked on login button...
16:18:41.671 [main] INFO  - Goto my account-->Click on Login.. 
16:18:42.404 [main] DEBUG - Parsing relationship: /xl/_rels/workbook.xml.rels
16:18:42.407 [main] DEBUG - Parsing relationship: /xl/worksheets/_rels/sheet1.xml.rels
16:18:42.409 [main] DEBUG - Parsing relationship: /_rels/.rels
16:18:42.532 [main] TRACE - Loading type system org.apache.poi.schemas.ooxml.system.ooxml
16:18:42.536 [main] TRACE - Loading type system org.apache.xmlbeans.metadata.system.sXMLCONFIG
16:18:42.537 [main] TRACE - Loading type system org.apache.xmlbeans.metadata.system.sXMLLANG
16:18:42.538 [main] TRACE - Loading type system org.apache.xmlbeans.metadata.system.sXMLSCHEMA
16:18:42.538 [main] TRACE - Loading type system org.apache.xmlbeans.metadata.system.sXMLTOOLS
16:18:42.540 [main] TRACE - Reading unresolved handles for type system org.apache.xmlbeans.metadata.system.sXMLTOOLS
16:18:42.548 [main] TRACE - Finished loading type system org.apache.xmlbeans.metadata.system.sXMLTOOLS
16:18:42.549 [main] TRACE - Reading unresolved handles for type system org.apache.xmlbeans.metadata.system.sXMLSCHEMA
16:18:42.552 [main] TRACE - Finished loading type system org.apache.xmlbeans.metadata.system.sXMLSCHEMA
16:18:42.553 [main] TRACE - Reading unresolved handles for type system org.apache.xmlbeans.metadata.system.sXMLLANG
16:18:42.555 [main] TRACE - Finished loading type system org.apache.xmlbeans.metadata.system.sXMLLANG
16:18:42.555 [main] TRACE - Reading unresolved handles for type system org.apache.xmlbeans.metadata.system.sXMLCONFIG
16:18:42.556 [main] TRACE - Finished loading type system org.apache.xmlbeans.metadata.system.sXMLCONFIG
16:18:42.557 [main] TRACE - Reading unresolved handles for type system org.apache.poi.schemas.ooxml.system.ooxml
16:18:42.604 [main] TRACE - Finished loading type system org.apache.poi.schemas.ooxml.system.ooxml
16:18:42.604 [main] TRACE - Resolving type for handle themefd26doctype
16:18:42.659 [main] TRACE - Resolving type for handle stylesheet5d8bdoctype
16:18:42.665 [main] TRACE - Resolving type for handle ctstylesheet4257type
16:18:42.670 [main] TRACE - Resolving type for handle ctfonts6623type
16:18:42.672 [main] TRACE - Resolving type for handle ctfont14d8type
16:18:42.679 [main] TRACE - Resolving type for handle ctfills2c6ftype
16:18:42.681 [main] TRACE - Resolving type for handle ctfill550ctype
16:18:42.683 [main] TRACE - Resolving type for handle ctborders0d66type
16:18:42.685 [main] TRACE - Resolving type for handle ctborderf935type
16:18:42.688 [main] TRACE - Resolving type for handle ctcellxfs1322type
16:18:42.690 [main] TRACE - Resolving type for handle ctxf97f7type
16:18:42.694 [main] TRACE - Resolving type for handle ctcellstylexfsa81ftype
16:18:42.696 [main] TRACE - Resolving type for handle ctdxfsb26atype
16:18:42.698 [main] TRACE - Resolving type for handle cttablestyles872ftype
16:18:42.704 [main] TRACE - Resolving type for handle sstf81fdoctype
16:18:42.708 [main] TRACE - Resolving type for handle ctsst44f3type
16:18:42.715 [main] TRACE - Resolving type for handle ctrsta472type
16:18:42.728 [main] DEBUG - using default POIXMLDocumentPart for http://schemas.openxmlformats.org/officeDocument/2006/relationships/printerSettings
16:18:42.730 [main] TRACE - Resolving type for handle workbookec17doctype
16:18:42.736 [main] TRACE - Resolving type for handle ctworkbook83c3type
16:18:42.748 [main] TRACE - Resolving type for handle ctsheets49fdtype
16:18:42.751 [main] TRACE - Resolving type for handle ctsheet4dbetype
16:18:42.754 [main] TRACE - Resolving type for handle strelationshipid1e94type
16:18:42.756 [main] TRACE - Resolving type for handle worksheetf539doctype
16:18:42.762 [main] TRACE - Resolving type for handle ctworksheet530dtype
16:18:42.778 [main] TRACE - Resolving type for handle ctsheetdata8408type
16:18:42.780 [main] TRACE - Resolving type for handle ctrowdd39type
16:18:42.784 [main] TRACE - Resolving type for handle ctcell842btype
16:18:42.789 [main] TRACE - Resolving type for handle stcellrefe4e0type
16:18:42.799 [main] TRACE - Resolving type for handle ctcols627ctype
16:18:42.803 [main] TRACE - Resolving type for handle ctcola95ftype
16:18:42.816 [main] TRACE - Resolving type for handle cthyperlinks6416type
16:18:42.818 [main] TRACE - Resolving type for handle cthyperlink0c85type
16:18:42.823 [main] TRACE - Resolving type for handle stxstringf179type
16:18:42.825 [main] TRACE - Resolving type for handle stcelltypebf95type
16:18:58.541 [main] INFO  - Goto my account-->Click on Login.. 
16:18:59.165 [main] DEBUG - Parsing relationship: /xl/_rels/workbook.xml.rels
16:18:59.167 [main] DEBUG - Parsing relationship: /xl/worksheets/_rels/sheet1.xml.rels
16:18:59.168 [main] DEBUG - Parsing relationship: /_rels/.rels
16:18:59.180 [main] DEBUG - using default POIXMLDocumentPart for http://schemas.openxmlformats.org/officeDocument/2006/relationships/printerSettings
16:19:05.754 [main] INFO  - Goto my account-->Click on Login.. 
16:19:06.502 [main] DEBUG - Parsing relationship: /xl/_rels/workbook.xml.rels
16:19:06.503 [main] DEBUG - Parsing relationship: /xl/worksheets/_rels/sheet1.xml.rels
16:19:06.504 [main] DEBUG - Parsing relationship: /_rels/.rels
16:19:06.514 [main] DEBUG - using default POIXMLDocumentPart for http://schemas.openxmlformats.org/officeDocument/2006/relationships/printerSettings
16:45:00.599 [main] INFO  - Goto my account-->Click on Login.. 
16:45:01.319 [main] DEBUG - Parsing relationship: /xl/_rels/workbook.xml.rels
16:45:01.322 [main] DEBUG - Parsing relationship: /xl/worksheets/_rels/sheet1.xml.rels
16:45:01.324 [main] DEBUG - Parsing relationship: /_rels/.rels
16:45:01.465 [main] TRACE - Loading type system org.apache.poi.schemas.ooxml.system.ooxml
16:45:01.468 [main] TRACE - Loading type system org.apache.xmlbeans.metadata.system.sXMLCONFIG
16:45:01.468 [main] TRACE - Loading type system org.apache.xmlbeans.metadata.system.sXMLLANG
16:45:01.469 [main] TRACE - Loading type system org.apache.xmlbeans.metadata.system.sXMLSCHEMA
16:45:01.469 [main] TRACE - Loading type system org.apache.xmlbeans.metadata.system.sXMLTOOLS
16:45:01.470 [main] TRACE - Reading unresolved handles for type system org.apache.xmlbeans.metadata.system.sXMLTOOLS
16:45:01.479 [main] TRACE - Finished loading type system org.apache.xmlbeans.metadata.system.sXMLTOOLS
16:45:01.480 [main] TRACE - Reading unresolved handles for type system org.apache.xmlbeans.metadata.system.sXMLSCHEMA
16:45:01.484 [main] TRACE - Finished loading type system org.apache.xmlbeans.metadata.system.sXMLSCHEMA
16:45:01.485 [main] TRACE - Reading unresolved handles for type system org.apache.xmlbeans.metadata.system.sXMLLANG
16:45:01.486 [main] TRACE - Finished loading type system org.apache.xmlbeans.metadata.system.sXMLLANG
16:45:01.487 [main] TRACE - Reading unresolved handles for type system org.apache.xmlbeans.metadata.system.sXMLCONFIG
16:45:01.487 [main] TRACE - Finished loading type system org.apache.xmlbeans.metadata.system.sXMLCONFIG
16:45:01.488 [main] TRACE - Reading unresolved handles for type system org.apache.poi.schemas.ooxml.system.ooxml
16:45:01.532 [main] TRACE - Finished loading type system org.apache.poi.schemas.ooxml.system.ooxml
16:45:01.533 [main] TRACE - Resolving type for handle themefd26doctype
16:45:01.573 [main] TRACE - Resolving type for handle stylesheet5d8bdoctype
16:45:01.577 [main] TRACE - Resolving type for handle ctstylesheet4257type
16:45:01.580 [main] TRACE - Resolving type for handle ctfonts6623type
16:45:01.582 [main] TRACE - Resolving type for handle ctfont14d8type
16:45:01.587 [main] TRACE - Resolving type for handle ctfills2c6ftype
16:45:01.588 [main] TRACE - Resolving type for handle ctfill550ctype
16:45:01.589 [main] TRACE - Resolving type for handle ctborders0d66type
16:45:01.591 [main] TRACE - Resolving type for handle ctborderf935type
16:45:01.594 [main] TRACE - Resolving type for handle ctcellxfs1322type
16:45:01.595 [main] TRACE - Resolving type for handle ctxf97f7type
16:45:01.597 [main] TRACE - Resolving type for handle ctcellstylexfsa81ftype
16:45:01.598 [main] TRACE - Resolving type for handle ctdxfsb26atype
16:45:01.600 [main] TRACE - Resolving type for handle cttablestyles872ftype
16:45:01.603 [main] TRACE - Resolving type for handle sstf81fdoctype
16:45:01.606 [main] TRACE - Resolving type for handle ctsst44f3type
16:45:01.611 [main] TRACE - Resolving type for handle ctrsta472type
16:45:01.622 [main] DEBUG - using default POIXMLDocumentPart for http://schemas.openxmlformats.org/officeDocument/2006/relationships/printerSettings
16:45:01.622 [main] TRACE - Resolving type for handle workbookec17doctype
16:45:01.626 [main] TRACE - Resolving type for handle ctworkbook83c3type
16:45:01.633 [main] TRACE - Resolving type for handle ctsheets49fdtype
16:45:01.636 [main] TRACE - Resolving type for handle ctsheet4dbetype
16:45:01.640 [main] TRACE - Resolving type for handle strelationshipid1e94type
16:45:01.643 [main] TRACE - Resolving type for handle worksheetf539doctype
16:45:01.651 [main] TRACE - Resolving type for handle ctworksheet530dtype
16:45:01.658 [main] TRACE - Resolving type for handle ctsheetdata8408type
16:45:01.660 [main] TRACE - Resolving type for handle ctrowdd39type
16:45:01.664 [main] TRACE - Resolving type for handle ctcell842btype
16:45:01.669 [main] TRACE - Resolving type for handle stcellrefe4e0type
16:45:01.675 [main] TRACE - Resolving type for handle ctcols627ctype
16:45:01.678 [main] TRACE - Resolving type for handle ctcola95ftype
16:45:01.689 [main] TRACE - Resolving type for handle cthyperlinks6416type
16:45:01.690 [main] TRACE - Resolving type for handle cthyperlink0c85type
16:45:01.696 [main] TRACE - Resolving type for handle stxstringf179type
16:45:01.697 [main] TRACE - Resolving type for handle stcelltypebf95type
16:45:16.254 [main] INFO  - Goto my account-->Click on Login.. 
16:45:16.878 [main] DEBUG - Parsing relationship: /xl/_rels/workbook.xml.rels
16:45:16.879 [main] DEBUG - Parsing relationship: /xl/worksheets/_rels/sheet1.xml.rels
16:45:16.880 [main] DEBUG - Parsing relationship: /_rels/.rels
16:45:16.894 [main] DEBUG - using default POIXMLDocumentPart for http://schemas.openxmlformats.org/officeDocument/2006/relationships/printerSettings
16:45:23.233 [main] INFO  - Goto my account-->Click on Login.. 
16:45:23.813 [main] DEBUG - Parsing relationship: /xl/_rels/workbook.xml.rels
16:45:23.815 [main] DEBUG - Parsing relationship: /xl/worksheets/_rels/sheet1.xml.rels
16:45:23.816 [main] DEBUG - Parsing relationship: /_rels/.rels
16:45:23.828 [main] DEBUG - using default POIXMLDocumentPart for http://schemas.openxmlformats.org/officeDocument/2006/relationships/printerSettings
16:46:34.890 [main] INFO  - Goto my account-->Click on Login.. 
16:46:35.551 [main] INFO  - Entering email and password.. 
16:46:35.844 [main] INFO  - clicked on login button...
16:46:40.695 [main] INFO  - Goto my account-->Click on Login.. 
16:46:41.348 [main] INFO  - Entering email and password.. 
16:46:41.628 [main] INFO  - clicked on login button...
16:46:57.554 [main] INFO  - Goto my account-->Click on Login.. 
16:46:58.184 [main] INFO  - Entering email and password.. 
16:46:58.522 [main] INFO  - clicked on login button...
16:47:53.994 [main] INFO  - Goto my account-->Click on Login.. 
16:47:54.828 [main] DEBUG - Parsing relationship: /xl/_rels/workbook.xml.rels
16:47:54.830 [main] DEBUG - Parsing relationship: /xl/worksheets/_rels/sheet1.xml.rels
16:47:54.832 [main] DEBUG - Parsing relationship: /_rels/.rels
16:47:54.954 [main] TRACE - Loading type system org.apache.poi.schemas.ooxml.system.ooxml
16:47:54.957 [main] TRACE - Loading type system org.apache.xmlbeans.metadata.system.sXMLCONFIG
16:47:54.958 [main] TRACE - Loading type system org.apache.xmlbeans.metadata.system.sXMLLANG
16:47:54.959 [main] TRACE - Loading type system org.apache.xmlbeans.metadata.system.sXMLSCHEMA
16:47:54.959 [main] TRACE - Loading type system org.apache.xmlbeans.metadata.system.sXMLTOOLS
16:47:54.960 [main] TRACE - Reading unresolved handles for type system org.apache.xmlbeans.metadata.system.sXMLTOOLS
16:47:54.970 [main] TRACE - Finished loading type system org.apache.xmlbeans.metadata.system.sXMLTOOLS
16:47:54.971 [main] TRACE - Reading unresolved handles for type system org.apache.xmlbeans.metadata.system.sXMLSCHEMA
16:47:54.974 [main] TRACE - Finished loading type system org.apache.xmlbeans.metadata.system.sXMLSCHEMA
16:47:54.974 [main] TRACE - Reading unresolved handles for type system org.apache.xmlbeans.metadata.system.sXMLLANG
16:47:54.975 [main] TRACE - Finished loading type system org.apache.xmlbeans.metadata.system.sXMLLANG
16:47:54.976 [main] TRACE - Reading unresolved handles for type system org.apache.xmlbeans.metadata.system.sXMLCONFIG
16:47:54.976 [main] TRACE - Finished loading type system org.apache.xmlbeans.metadata.system.sXMLCONFIG
16:47:54.976 [main] TRACE - Reading unresolved handles for type system org.apache.poi.schemas.ooxml.system.ooxml
16:47:55.029 [main] TRACE - Finished loading type system org.apache.poi.schemas.ooxml.system.ooxml
16:47:55.030 [main] TRACE - Resolving type for handle themefd26doctype
16:47:55.097 [main] TRACE - Resolving type for handle stylesheet5d8bdoctype
16:47:55.103 [main] TRACE - Resolving type for handle ctstylesheet4257type
16:47:55.107 [main] TRACE - Resolving type for handle ctfonts6623type
16:47:55.110 [main] TRACE - Resolving type for handle ctfont14d8type
16:47:55.115 [main] TRACE - Resolving type for handle ctfills2c6ftype
16:47:55.117 [main] TRACE - Resolving type for handle ctfill550ctype
16:47:55.120 [main] TRACE - Resolving type for handle ctborders0d66type
16:47:55.121 [main] TRACE - Resolving type for handle ctborderf935type
16:47:55.126 [main] TRACE - Resolving type for handle ctcellxfs1322type
16:47:55.128 [main] TRACE - Resolving type for handle ctxf97f7type
16:47:55.131 [main] TRACE - Resolving type for handle ctcellstylexfsa81ftype
16:47:55.133 [main] TRACE - Resolving type for handle ctdxfsb26atype
16:47:55.135 [main] TRACE - Resolving type for handle cttablestyles872ftype
16:47:55.137 [main] TRACE - Resolving type for handle sstf81fdoctype
16:47:55.142 [main] TRACE - Resolving type for handle ctsst44f3type
16:47:55.148 [main] TRACE - Resolving type for handle ctrsta472type
16:47:55.165 [main] DEBUG - using default POIXMLDocumentPart for http://schemas.openxmlformats.org/officeDocument/2006/relationships/printerSettings
16:47:55.166 [main] TRACE - Resolving type for handle workbookec17doctype
16:47:55.171 [main] TRACE - Resolving type for handle ctworkbook83c3type
16:47:55.177 [main] TRACE - Resolving type for handle ctsheets49fdtype
16:47:55.179 [main] TRACE - Resolving type for handle ctsheet4dbetype
16:47:55.181 [main] TRACE - Resolving type for handle strelationshipid1e94type
16:47:55.183 [main] TRACE - Resolving type for handle worksheetf539doctype
16:47:55.189 [main] TRACE - Resolving type for handle ctworksheet530dtype
16:47:55.194 [main] TRACE - Resolving type for handle ctsheetdata8408type
16:47:55.196 [main] TRACE - Resolving type for handle ctrowdd39type
16:47:55.200 [main] TRACE - Resolving type for handle ctcell842btype
16:47:55.204 [main] TRACE - Resolving type for handle stcellrefe4e0type
16:47:55.210 [main] TRACE - Resolving type for handle ctcols627ctype
16:47:55.214 [main] TRACE - Resolving type for handle ctcola95ftype
16:47:55.231 [main] TRACE - Resolving type for handle cthyperlinks6416type
16:47:55.235 [main] TRACE - Resolving type for handle cthyperlink0c85type
16:47:55.241 [main] TRACE - Resolving type for handle stxstringf179type
16:47:55.243 [main] TRACE - Resolving type for handle stcelltypebf95type
16:48:10.014 [main] INFO  - Goto my account-->Click on Login.. 
16:48:10.629 [main] DEBUG - Parsing relationship: /xl/_rels/workbook.xml.rels
16:48:10.629 [main] DEBUG - Parsing relationship: /xl/worksheets/_rels/sheet1.xml.rels
16:48:10.631 [main] DEBUG - Parsing relationship: /_rels/.rels
16:48:10.645 [main] DEBUG - using default POIXMLDocumentPart for http://schemas.openxmlformats.org/officeDocument/2006/relationships/printerSettings
16:48:24.168 [main] INFO  - Goto my account-->Click on Login.. 
16:48:25.021 [main] DEBUG - Parsing relationship: /xl/_rels/workbook.xml.rels
16:48:25.022 [main] DEBUG - Parsing relationship: /xl/worksheets/_rels/sheet1.xml.rels
16:48:25.023 [main] DEBUG - Parsing relationship: /_rels/.rels
16:48:25.038 [main] DEBUG - using default POIXMLDocumentPart for http://schemas.openxmlformats.org/officeDocument/2006/relationships/printerSettings
16:48:40.457 [main] INFO  - Goto my account-->Click on Login.. 
16:48:41.057 [main] DEBUG - Parsing relationship: /xl/_rels/workbook.xml.rels
16:48:41.058 [main] DEBUG - Parsing relationship: /xl/worksheets/_rels/sheet1.xml.rels
16:48:41.059 [main] DEBUG - Parsing relationship: /_rels/.rels
16:48:41.069 [main] DEBUG - using default POIXMLDocumentPart for http://schemas.openxmlformats.org/officeDocument/2006/relationships/printerSettings
16:50:56.037 [main] INFO  - Goto my account-->Click on Login.. 
16:50:57.193 [main] DEBUG - Parsing relationship: /xl/_rels/workbook.xml.rels
16:50:57.198 [main] DEBUG - Parsing relationship: /xl/worksheets/_rels/sheet1.xml.rels
16:50:57.200 [main] DEBUG - Parsing relationship: /_rels/.rels
16:50:57.331 [main] TRACE - Loading type system org.apache.poi.schemas.ooxml.system.ooxml
16:50:57.333 [main] TRACE - Loading type system org.apache.xmlbeans.metadata.system.sXMLCONFIG
16:50:57.334 [main] TRACE - Loading type system org.apache.xmlbeans.metadata.system.sXMLLANG
16:50:57.334 [main] TRACE - Loading type system org.apache.xmlbeans.metadata.system.sXMLSCHEMA
16:50:57.334 [main] TRACE - Loading type system org.apache.xmlbeans.metadata.system.sXMLTOOLS
16:50:57.336 [main] TRACE - Reading unresolved handles for type system org.apache.xmlbeans.metadata.system.sXMLTOOLS
16:50:57.345 [main] TRACE - Finished loading type system org.apache.xmlbeans.metadata.system.sXMLTOOLS
16:50:57.346 [main] TRACE - Reading unresolved handles for type system org.apache.xmlbeans.metadata.system.sXMLSCHEMA
16:50:57.351 [main] TRACE - Finished loading type system org.apache.xmlbeans.metadata.system.sXMLSCHEMA
16:50:57.352 [main] TRACE - Reading unresolved handles for type system org.apache.xmlbeans.metadata.system.sXMLLANG
16:50:57.353 [main] TRACE - Finished loading type system org.apache.xmlbeans.metadata.system.sXMLLANG
16:50:57.353 [main] TRACE - Reading unresolved handles for type system org.apache.xmlbeans.metadata.system.sXMLCONFIG
16:50:57.354 [main] TRACE - Finished loading type system org.apache.xmlbeans.metadata.system.sXMLCONFIG
16:50:57.356 [main] TRACE - Reading unresolved handles for type system org.apache.poi.schemas.ooxml.system.ooxml
16:50:57.404 [main] TRACE - Finished loading type system org.apache.poi.schemas.ooxml.system.ooxml
16:50:57.405 [main] TRACE - Resolving type for handle themefd26doctype
16:50:57.469 [main] TRACE - Resolving type for handle stylesheet5d8bdoctype
16:50:57.475 [main] TRACE - Resolving type for handle ctstylesheet4257type
16:50:57.480 [main] TRACE - Resolving type for handle ctfonts6623type
16:50:57.483 [main] TRACE - Resolving type for handle ctfont14d8type
16:50:57.490 [main] TRACE - Resolving type for handle ctfills2c6ftype
16:50:57.492 [main] TRACE - Resolving type for handle ctfill550ctype
16:50:57.493 [main] TRACE - Resolving type for handle ctborders0d66type
16:50:57.495 [main] TRACE - Resolving type for handle ctborderf935type
16:50:57.500 [main] TRACE - Resolving type for handle ctcellxfs1322type
16:50:57.504 [main] TRACE - Resolving type for handle ctxf97f7type
16:50:57.509 [main] TRACE - Resolving type for handle ctcellstylexfsa81ftype
16:50:57.511 [main] TRACE - Resolving type for handle ctdxfsb26atype
16:50:57.513 [main] TRACE - Resolving type for handle cttablestyles872ftype
16:50:57.517 [main] TRACE - Resolving type for handle sstf81fdoctype
16:50:57.523 [main] TRACE - Resolving type for handle ctsst44f3type
16:50:57.533 [main] TRACE - Resolving type for handle ctrsta472type
16:50:57.547 [main] DEBUG - using default POIXMLDocumentPart for http://schemas.openxmlformats.org/officeDocument/2006/relationships/printerSettings
16:50:57.548 [main] TRACE - Resolving type for handle workbookec17doctype
16:50:57.554 [main] TRACE - Resolving type for handle ctworkbook83c3type
16:50:57.560 [main] TRACE - Resolving type for handle ctsheets49fdtype
16:50:57.562 [main] TRACE - Resolving type for handle ctsheet4dbetype
16:50:57.564 [main] TRACE - Resolving type for handle strelationshipid1e94type
16:50:57.566 [main] TRACE - Resolving type for handle worksheetf539doctype
16:50:57.573 [main] TRACE - Resolving type for handle ctworksheet530dtype
16:50:57.582 [main] TRACE - Resolving type for handle ctsheetdata8408type
16:50:57.585 [main] TRACE - Resolving type for handle ctrowdd39type
16:50:57.592 [main] TRACE - Resolving type for handle ctcell842btype
16:50:57.598 [main] TRACE - Resolving type for handle stcellrefe4e0type
16:50:57.605 [main] TRACE - Resolving type for handle ctcols627ctype
16:50:57.610 [main] TRACE - Resolving type for handle ctcola95ftype
16:50:57.624 [main] TRACE - Resolving type for handle cthyperlinks6416type
16:50:57.626 [main] TRACE - Resolving type for handle cthyperlink0c85type
16:50:57.635 [main] TRACE - Resolving type for handle stxstringf179type
16:50:57.637 [main] TRACE - Resolving type for handle stcelltypebf95type
16:51:12.222 [main] INFO  - Goto my account-->Click on Login.. 
16:51:12.870 [main] DEBUG - Parsing relationship: /xl/_rels/workbook.xml.rels
16:51:12.872 [main] DEBUG - Parsing relationship: /xl/worksheets/_rels/sheet1.xml.rels
16:51:12.873 [main] DEBUG - Parsing relationship: /_rels/.rels
16:51:12.890 [main] DEBUG - using default POIXMLDocumentPart for http://schemas.openxmlformats.org/officeDocument/2006/relationships/printerSettings
16:51:20.027 [main] INFO  - Goto my account-->Click on Login.. 
16:51:20.690 [main] DEBUG - Parsing relationship: /xl/_rels/workbook.xml.rels
16:51:20.692 [main] DEBUG - Parsing relationship: /xl/worksheets/_rels/sheet1.xml.rels
16:51:20.695 [main] DEBUG - Parsing relationship: /_rels/.rels
16:51:20.707 [main] DEBUG - using default POIXMLDocumentPart for http://schemas.openxmlformats.org/officeDocument/2006/relationships/printerSettings
16:51:27.575 [main] INFO  - Goto my account-->Click on Login.. 
16:51:28.744 [main] DEBUG - Parsing relationship: /xl/_rels/workbook.xml.rels
16:51:28.745 [main] DEBUG - Parsing relationship: /xl/worksheets/_rels/sheet1.xml.rels
16:51:28.746 [main] DEBUG - Parsing relationship: /_rels/.rels
16:51:28.761 [main] DEBUG - using default POIXMLDocumentPart for http://schemas.openxmlformats.org/officeDocument/2006/relationships/printerSettings
16:51:43.137 [main] INFO  - Goto my account-->Click on Login.. 
16:51:43.827 [main] DEBUG - Parsing relationship: /xl/_rels/workbook.xml.rels
16:51:43.828 [main] DEBUG - Parsing relationship: /xl/worksheets/_rels/sheet1.xml.rels
16:51:43.829 [main] DEBUG - Parsing relationship: /_rels/.rels
16:51:43.840 [main] DEBUG - using default POIXMLDocumentPart for http://schemas.openxmlformats.org/officeDocument/2006/relationships/printerSettings
16:58:22.200 [main] INFO  - Goto my account-->Click on Login.. 
16:58:23.852 [main] DEBUG - Parsing relationship: /xl/_rels/workbook.xml.rels
16:58:23.857 [main] DEBUG - Parsing relationship: /xl/worksheets/_rels/sheet1.xml.rels
16:58:23.860 [main] DEBUG - Parsing relationship: /_rels/.rels
16:58:24.003 [main] TRACE - Loading type system org.apache.poi.schemas.ooxml.system.ooxml
16:58:24.006 [main] TRACE - Loading type system org.apache.xmlbeans.metadata.system.sXMLCONFIG
16:58:24.008 [main] TRACE - Loading type system org.apache.xmlbeans.metadata.system.sXMLLANG
16:58:24.009 [main] TRACE - Loading type system org.apache.xmlbeans.metadata.system.sXMLSCHEMA
16:58:24.009 [main] TRACE - Loading type system org.apache.xmlbeans.metadata.system.sXMLTOOLS
16:58:24.010 [main] TRACE - Reading unresolved handles for type system org.apache.xmlbeans.metadata.system.sXMLTOOLS
16:58:24.018 [main] TRACE - Finished loading type system org.apache.xmlbeans.metadata.system.sXMLTOOLS
16:58:24.018 [main] TRACE - Reading unresolved handles for type system org.apache.xmlbeans.metadata.system.sXMLSCHEMA
16:58:24.024 [main] TRACE - Finished loading type system org.apache.xmlbeans.metadata.system.sXMLSCHEMA
16:58:24.025 [main] TRACE - Reading unresolved handles for type system org.apache.xmlbeans.metadata.system.sXMLLANG
16:58:24.026 [main] TRACE - Finished loading type system org.apache.xmlbeans.metadata.system.sXMLLANG
16:58:24.028 [main] TRACE - Reading unresolved handles for type system org.apache.xmlbeans.metadata.system.sXMLCONFIG
16:58:24.029 [main] TRACE - Finished loading type system org.apache.xmlbeans.metadata.system.sXMLCONFIG
16:58:24.030 [main] TRACE - Reading unresolved handles for type system org.apache.poi.schemas.ooxml.system.ooxml
16:58:24.079 [main] TRACE - Finished loading type system org.apache.poi.schemas.ooxml.system.ooxml
16:58:24.080 [main] TRACE - Resolving type for handle themefd26doctype
16:58:24.150 [main] TRACE - Resolving type for handle stylesheet5d8bdoctype
16:58:24.156 [main] TRACE - Resolving type for handle ctstylesheet4257type
16:58:24.160 [main] TRACE - Resolving type for handle ctfonts6623type
16:58:24.164 [main] TRACE - Resolving type for handle ctfont14d8type
16:58:24.169 [main] TRACE - Resolving type for handle ctfills2c6ftype
16:58:24.173 [main] TRACE - Resolving type for handle ctfill550ctype
16:58:24.175 [main] TRACE - Resolving type for handle ctborders0d66type
16:58:24.178 [main] TRACE - Resolving type for handle ctborderf935type
16:58:24.180 [main] TRACE - Resolving type for handle ctcellxfs1322type
16:58:24.182 [main] TRACE - Resolving type for handle ctxf97f7type
16:58:24.184 [main] TRACE - Resolving type for handle ctcellstylexfsa81ftype
16:58:24.185 [main] TRACE - Resolving type for handle ctdxfsb26atype
16:58:24.189 [main] TRACE - Resolving type for handle cttablestyles872ftype
16:58:24.192 [main] TRACE - Resolving type for handle sstf81fdoctype
16:58:24.195 [main] TRACE - Resolving type for handle ctsst44f3type
16:58:24.205 [main] TRACE - Resolving type for handle ctrsta472type
16:58:24.221 [main] DEBUG - using default POIXMLDocumentPart for http://schemas.openxmlformats.org/officeDocument/2006/relationships/printerSettings
16:58:24.222 [main] TRACE - Resolving type for handle workbookec17doctype
16:58:24.227 [main] TRACE - Resolving type for handle ctworkbook83c3type
16:58:24.231 [main] TRACE - Resolving type for handle ctsheets49fdtype
16:58:24.232 [main] TRACE - Resolving type for handle ctsheet4dbetype
16:58:24.233 [main] TRACE - Resolving type for handle strelationshipid1e94type
16:58:24.235 [main] TRACE - Resolving type for handle worksheetf539doctype
16:58:24.241 [main] TRACE - Resolving type for handle ctworksheet530dtype
16:58:24.246 [main] TRACE - Resolving type for handle ctsheetdata8408type
16:58:24.248 [main] TRACE - Resolving type for handle ctrowdd39type
16:58:24.256 [main] TRACE - Resolving type for handle ctcell842btype
16:58:24.263 [main] TRACE - Resolving type for handle stcellrefe4e0type
16:58:24.270 [main] TRACE - Resolving type for handle ctcols627ctype
16:58:24.275 [main] TRACE - Resolving type for handle ctcola95ftype
16:58:24.290 [main] TRACE - Resolving type for handle cthyperlinks6416type
16:58:24.292 [main] TRACE - Resolving type for handle cthyperlink0c85type
16:58:24.296 [main] TRACE - Resolving type for handle stxstringf179type
16:58:24.297 [main] TRACE - Resolving type for handle stcelltypebf95type
16:58:40.266 [main] INFO  - Goto my account-->Click on Login.. 
16:58:41.121 [main] DEBUG - Parsing relationship: /xl/_rels/workbook.xml.rels
16:58:41.122 [main] DEBUG - Parsing relationship: /xl/worksheets/_rels/sheet1.xml.rels
16:58:41.124 [main] DEBUG - Parsing relationship: /_rels/.rels
16:58:41.137 [main] DEBUG - using default POIXMLDocumentPart for http://schemas.openxmlformats.org/officeDocument/2006/relationships/printerSettings
16:58:47.478 [main] INFO  - Goto my account-->Click on Login.. 
16:58:48.328 [main] DEBUG - Parsing relationship: /xl/_rels/workbook.xml.rels
16:58:48.328 [main] DEBUG - Parsing relationship: /xl/worksheets/_rels/sheet1.xml.rels
16:58:48.329 [main] DEBUG - Parsing relationship: /_rels/.rels
16:58:48.340 [main] DEBUG - using default POIXMLDocumentPart for http://schemas.openxmlformats.org/officeDocument/2006/relationships/printerSettings
16:58:55.291 [main] INFO  - Goto my account-->Click on Login.. 
16:58:57.638 [main] DEBUG - Parsing relationship: /xl/_rels/workbook.xml.rels
16:58:57.640 [main] DEBUG - Parsing relationship: /xl/worksheets/_rels/sheet1.xml.rels
16:58:57.641 [main] DEBUG - Parsing relationship: /_rels/.rels
16:58:57.653 [main] DEBUG - using default POIXMLDocumentPart for http://schemas.openxmlformats.org/officeDocument/2006/relationships/printerSettings
16:59:12.376 [main] INFO  - Goto my account-->Click on Login.. 
16:59:12.990 [main] DEBUG - Parsing relationship: /xl/_rels/workbook.xml.rels
16:59:12.991 [main] DEBUG - Parsing relationship: /xl/worksheets/_rels/sheet1.xml.rels
16:59:12.992 [main] DEBUG - Parsing relationship: /_rels/.rels
16:59:13.002 [main] DEBUG - using default POIXMLDocumentPart for http://schemas.openxmlformats.org/officeDocument/2006/relationships/printerSettings
17:00:27.886 [main] INFO  - Goto my account-->Click on Login.. 
17:00:28.573 [main] INFO  - Entering email and password.. 
17:00:30.511 [main] INFO  - clicked on login button...
17:00:35.065 [main] INFO  - Goto my account-->Click on Login.. 
17:00:35.682 [main] INFO  - Entering email and password.. 
17:00:35.935 [main] INFO  - clicked on login button...
17:00:50.168 [main] INFO  - Goto my account-->Click on Login.. 
17:00:51.298 [main] INFO  - Entering email and password.. 
17:00:51.595 [main] INFO  - clicked on login button...
17:03:43.986 [main] INFO  - Goto my account-->Click on Login.. 
17:03:44.589 [main] INFO  - Entering email and password.. 
17:03:44.887 [main] INFO  - clicked on login button...
17:08:32.213 [main] INFO  - Goto my account-->Click on Login.. 
17:08:32.809 [main] INFO  - Entering email and password.. 
17:08:34.284 [main] INFO  - clicked on login button...
17:08:38.681 [main] INFO  - Goto my account-->Click on Login.. 
17:08:39.503 [main] INFO  - Entering email and password.. 
17:08:39.788 [main] INFO  - clicked on login button...
17:08:45.104 [main] INFO  - Goto my account-->Click on Login.. 
17:08:45.912 [main] INFO  - Entering email and password.. 
17:08:46.201 [main] INFO  - clicked on login button...
17:11:29.701 [main] INFO  - Goto my account-->Click on Login.. 
17:11:30.508 [main] INFO  - Entering email and password.. 
17:11:32.062 [main] INFO  - clicked on login button...
17:11:37.005 [main] INFO  - Goto my account-->Click on Login.. 
17:11:38.257 [main] INFO  - Entering email and password.. 
17:11:39.663 [main] INFO  - clicked on login button...
17:11:43.409 [main] INFO  - Goto my account-->Click on Login.. 
17:11:44.036 [main] INFO  - Entering email and password.. 
17:11:44.309 [main] INFO  - clicked on login button...
17:15:03.076 [main] INFO  - Goto my account-->Click on Login.. 
17:15:04.197 [main] INFO  - Entering email and password.. 
17:15:07.597 [main] INFO  - clicked on login button...
17:15:11.303 [main] INFO  - Goto my account-->Click on Login.. 
17:15:12.158 [main] INFO  - Entering email and password.. 
17:15:12.450 [main] INFO  - clicked on login button...
17:15:18.022 [main] INFO  - Goto my account-->Click on Login.. 
17:15:19.513 [main] INFO  - Entering email and password.. 
17:15:19.814 [main] INFO  - clicked on login button...
17:25:37.995 [main] INFO  - Goto my account-->Click on Login.. 
17:25:38.597 [main] INFO  - Entering email and password.. 
17:25:38.873 [main] INFO  - clicked on login button...
17:25:44.309 [main] INFO  - Goto my account-->Click on Login.. 
17:25:44.981 [main] INFO  - Entering email and password.. 
17:25:45.272 [main] INFO  - clicked on login button...
17:25:50.499 [main] INFO  - Goto my account-->Click on Login.. 
17:25:51.107 [main] INFO  - Entering email and password.. 
17:25:51.399 [main] INFO  - clicked on login button...
